<?xml version="1.0" encoding="UTF-8"?>
<testsuite name="tests.CreditRequestTests" tests="2" skipped="0" failures="0" errors="0" timestamp="2025-01-29T13:37:33" hostname="Biancas-MacBook-Air.local" time="1.164">
  <properties/>
  <testcase name="creditRequestForInsufficientCreditScore_ShouldBeRejected()" classname="tests.CreditRequestTests" time="1.136"/>
  <testcase name="creditRequestForSufficientCreditScore_ShouldBeApproved()" classname="tests.CreditRequestTests" time="0.027"/>
  <system-out><![CDATA[]]></system-out>
  <system-err><![CDATA[]]></system-err>
</testsuite>
